Round 52 edge_case cell refill:
  Attack: backdoor_edge_case
  Defenses: ['fedavg', 'norm_clip', 'foolsgold', 'reputation', 'rfa', 'trimmed_mean', 'coord_median']
  Seeds: [42, 43, 44, 45, 46]
  Planned cells: 35
  [skip] seed=42 defense=fedavg (already has ASR>0.01)
  seed=42 defense=norm_clip: ASR=0.600 acc=0.792 wca=0.000 (643s, total 10.7min, 1 runs)
  seed=42 defense=foolsgold: ASR=0.542 acc=0.712 wca=0.000 (639s, total 21.4min, 2 runs)
  seed=42 defense=reputation: ASR=0.510 acc=0.782 wca=0.000 (732s, total 33.6min, 3 runs)
  seed=42 defense=rfa: ASR=0.497 acc=0.778 wca=0.000 (646s, total 44.3min, 4 runs)
  seed=42 defense=trimmed_mean: ASR=0.276 acc=0.780 wca=0.000 (662s, total 55.4min, 5 runs)
  seed=42 defense=coord_median: ASR=0.160 acc=0.767 wca=0.000 (658s, total 66.3min, 6 runs)
  seed=43 defense=fedavg: ASR=0.539 acc=0.804 wca=0.000 (660s, total 77.3min, 7 runs)
  seed=43 defense=norm_clip: ASR=0.539 acc=0.804 wca=0.000 (653s, total 88.2min, 8 runs)
  seed=43 defense=foolsgold: ASR=0.379 acc=0.776 wca=0.000 (643s, total 98.9min, 9 runs)
  seed=43 defense=reputation: ASR=0.550 acc=0.784 wca=0.000 (720s, total 110.9min, 10 runs)
  seed=43 defense=rfa: ASR=0.578 acc=0.784 wca=0.000 (639s, total 121.6min, 11 runs)
  seed=43 defense=trimmed_mean: ASR=0.193 acc=0.781 wca=0.000 (662s, total 132.6min, 12 runs)
  seed=43 defense=coord_median: ASR=0.113 acc=0.776 wca=0.000 (645s, total 143.4min, 13 runs)
  seed=44 defense=fedavg: ASR=0.547 acc=0.780 wca=0.000 (639s, total 154.0min, 14 runs)
  seed=44 defense=norm_clip: ASR=0.547 acc=0.780 wca=0.000 (639s, total 164.7min, 15 runs)
  seed=44 defense=foolsgold: ASR=0.559 acc=0.733 wca=0.000 (641s, total 175.4min, 16 runs)
  seed=44 defense=reputation: ASR=0.590 acc=0.774 wca=0.000 (721s, total 187.4min, 17 runs)
  seed=44 defense=rfa: ASR=0.587 acc=0.771 wca=0.000 (639s, total 198.0min, 18 runs)
  seed=44 defense=trimmed_mean: ASR=0.372 acc=0.772 wca=0.000 (639s, total 208.7min, 19 runs)
  seed=44 defense=coord_median: ASR=0.216 acc=0.778 wca=0.000 (640s, total 219.3min, 20 runs)
  seed=45 defense=fedavg: ASR=0.835 acc=0.784 wca=0.000 (636s, total 229.9min, 21 runs)
  seed=45 defense=norm_clip: ASR=0.835 acc=0.784 wca=0.000 (635s, total 240.5min, 22 runs)
  seed=45 defense=foolsgold: ASR=0.308 acc=0.745 wca=0.000 (638s, total 251.2min, 23 runs)
  seed=45 defense=reputation: ASR=0.828 acc=0.771 wca=0.000 (718s, total 263.1min, 24 runs)
  seed=45 defense=rfa: ASR=0.813 acc=0.779 wca=0.000 (637s, total 273.7min, 25 runs)
  seed=45 defense=trimmed_mean: ASR=0.756 acc=0.776 wca=0.000 (637s, total 284.4min, 26 runs)
  seed=45 defense=coord_median: ASR=0.440 acc=0.758 wca=0.000 (637s, total 295.0min, 27 runs)
  seed=46 defense=fedavg: ASR=0.572 acc=0.784 wca=0.000 (630s, total 305.5min, 28 runs)
  seed=46 defense=norm_clip: ASR=0.572 acc=0.784 wca=0.000 (630s, total 316.0min, 29 runs)
  seed=46 defense=foolsgold: ASR=0.471 acc=0.745 wca=0.000 (632s, total 326.5min, 30 runs)
  seed=46 defense=reputation: ASR=0.576 acc=0.776 wca=0.000 (712s, total 338.4min, 31 runs)
  seed=46 defense=rfa: ASR=0.576 acc=0.775 wca=0.000 (631s, total 348.9min, 32 runs)
  seed=46 defense=trimmed_mean: ASR=0.371 acc=0.765 wca=0.000 (631s, total 359.4min, 33 runs)
  seed=46 defense=coord_median: ASR=0.245 acc=0.768 wca=0.000 (632s, total 369.9min, 34 runs)

=== EDGE_CASE CELL REFILL COMPLETE ===
Wall time: 369.9 min
