Round 51 rep+tm survivor pilot:
  Policy: {'reputation': 0.3, 'trimmed_mean': 0.7}
  Oracle attack table: {'reputation': 'backdoor_pixel', 'trimmed_mean': 'model_scaling'}
  Adversary policies: ['committed_scaling', 'committed_pixel', 'oracle'], Seeds: [42, 43, 44, 45, 46, 47, 48, 49, 50, 51, 52, 53, 54, 55, 56, 57, 58, 59, 60, 61, 62, 63, 64, 65, 66, 67, 68, 69, 70, 71]
  Expected runs: 90

  [skip] committed_scaling seed 42 cached
  [skip] committed_scaling seed 43 cached
  [skip] committed_scaling seed 44 cached
  [skip] committed_scaling seed 45 cached
  [skip] committed_scaling seed 46 cached
  seed 47 committed_scaling: acc=0.690 ASR=0.808  (reputation=17 trimmed_mean=33) (model_scaling=50 backdoor_pixel=0) (661s, total 11.0min, 1 runs)
  seed 48 committed_scaling: acc=0.750 ASR=0.957  (reputation=18 trimmed_mean=32) (model_scaling=50 backdoor_pixel=0) (690s, total 22.5min, 2 runs)
  seed 49 committed_scaling: acc=0.752 ASR=0.872  (reputation=12 trimmed_mean=38) (model_scaling=50 backdoor_pixel=0) (675s, total 33.8min, 3 runs)
  seed 50 committed_scaling: acc=0.518 ASR=0.588  (reputation=14 trimmed_mean=36) (model_scaling=50 backdoor_pixel=0) (667s, total 44.9min, 4 runs)
  seed 51 committed_scaling: acc=0.734 ASR=0.962  (reputation=15 trimmed_mean=35) (model_scaling=50 backdoor_pixel=0) (685s, total 56.3min, 5 runs)
  seed 52 committed_scaling: acc=0.750 ASR=0.929  (reputation=11 trimmed_mean=39) (model_scaling=50 backdoor_pixel=0) (655s, total 67.2min, 6 runs)
  seed 53 committed_scaling: acc=0.739 ASR=0.968  (reputation=17 trimmed_mean=33) (model_scaling=50 backdoor_pixel=0) (664s, total 78.3min, 7 runs)
  seed 54 committed_scaling: acc=0.735 ASR=0.639  (reputation=11 trimmed_mean=39) (model_scaling=50 backdoor_pixel=0) (676s, total 89.5min, 8 runs)
  seed 55 committed_scaling: acc=0.759 ASR=0.872  (reputation=13 trimmed_mean=37) (model_scaling=50 backdoor_pixel=0) (649s, total 100.4min, 9 runs)
  seed 56 committed_scaling: acc=0.754 ASR=0.892  (reputation=10 trimmed_mean=40) (model_scaling=50 backdoor_pixel=0) (688s, total 111.8min, 10 runs)
  seed 57 committed_scaling: acc=0.762 ASR=0.922  (reputation=15 trimmed_mean=35) (model_scaling=50 backdoor_pixel=0) (681s, total 123.2min, 11 runs)
  seed 58 committed_scaling: acc=0.790 ASR=0.934  (reputation=12 trimmed_mean=38) (model_scaling=50 backdoor_pixel=0) (690s, total 134.7min, 12 runs)
  seed 59 committed_scaling: acc=0.712 ASR=0.862  (reputation=12 trimmed_mean=38) (model_scaling=50 backdoor_pixel=0) (688s, total 146.1min, 13 runs)
  seed 60 committed_scaling: acc=0.758 ASR=0.962  (reputation=16 trimmed_mean=34) (model_scaling=50 backdoor_pixel=0) (666s, total 157.2min, 14 runs)
  seed 61 committed_scaling: acc=0.632 ASR=0.999  (reputation=19 trimmed_mean=31) (model_scaling=50 backdoor_pixel=0) (653s, total 168.1min, 15 runs)
  seed 62 committed_scaling: acc=0.743 ASR=0.934  (reputation=14 trimmed_mean=36) (model_scaling=50 backdoor_pixel=0) (661s, total 179.1min, 16 runs)
  seed 63 committed_scaling: acc=0.741 ASR=0.937  (reputation=17 trimmed_mean=33) (model_scaling=50 backdoor_pixel=0) (695s, total 190.7min, 17 runs)
  seed 64 committed_scaling: acc=0.719 ASR=0.923  (reputation=15 trimmed_mean=35) (model_scaling=50 backdoor_pixel=0) (683s, total 202.1min, 18 runs)
  seed 65 committed_scaling: acc=0.783 ASR=0.817  (reputation=14 trimmed_mean=36) (model_scaling=50 backdoor_pixel=0) (684s, total 213.5min, 19 runs)
  seed 66 committed_scaling: acc=0.699 ASR=0.925  (reputation=13 trimmed_mean=37) (model_scaling=50 backdoor_pixel=0) (675s, total 224.7min, 20 runs)
  seed 67 committed_scaling: acc=0.748 ASR=0.909  (reputation=11 trimmed_mean=39) (model_scaling=50 backdoor_pixel=0) (689s, total 236.2min, 21 runs)
  seed 68 committed_scaling: acc=0.679 ASR=0.742  (reputation=15 trimmed_mean=35) (model_scaling=50 backdoor_pixel=0) (693s, total 247.8min, 22 runs)
  seed 69 committed_scaling: acc=0.735 ASR=0.740  (reputation=12 trimmed_mean=38) (model_scaling=50 backdoor_pixel=0) (692s, total 259.3min, 23 runs)
  seed 70 committed_scaling: acc=0.746 ASR=0.955  (reputation=14 trimmed_mean=36) (model_scaling=50 backdoor_pixel=0) (692s, total 270.8min, 24 runs)
  seed 71 committed_scaling: acc=0.536 ASR=0.904  (reputation=18 trimmed_mean=32) (model_scaling=50 backdoor_pixel=0) (693s, total 282.4min, 25 runs)
  [skip] committed_pixel seed 42 cached
  [skip] committed_pixel seed 43 cached
  [skip] committed_pixel seed 44 cached
  [skip] committed_pixel seed 45 cached
  [skip] committed_pixel seed 46 cached
  seed 47 committed_pixel: acc=0.772 ASR=0.726  (reputation=17 trimmed_mean=33) (model_scaling=0 backdoor_pixel=50) (666s, total 293.5min, 26 runs)
  seed 48 committed_pixel: acc=0.784 ASR=0.888  (reputation=18 trimmed_mean=32) (model_scaling=0 backdoor_pixel=50) (694s, total 305.0min, 27 runs)
  seed 49 committed_pixel: acc=0.756 ASR=0.777  (reputation=12 trimmed_mean=38) (model_scaling=0 backdoor_pixel=50) (677s, total 316.3min, 28 runs)
  seed 50 committed_pixel: acc=0.750 ASR=0.795  (reputation=14 trimmed_mean=36) (model_scaling=0 backdoor_pixel=50) (659s, total 327.3min, 29 runs)
  seed 51 committed_pixel: acc=0.755 ASR=0.764  (reputation=15 trimmed_mean=35) (model_scaling=0 backdoor_pixel=50) (674s, total 338.5min, 30 runs)
  seed 52 committed_pixel: acc=0.770 ASR=0.614  (reputation=11 trimmed_mean=39) (model_scaling=0 backdoor_pixel=50) (646s, total 349.3min, 31 runs)
  seed 53 committed_pixel: acc=0.778 ASR=0.854  (reputation=17 trimmed_mean=33) (model_scaling=0 backdoor_pixel=50) (680s, total 360.6min, 32 runs)
  seed 54 committed_pixel: acc=0.757 ASR=0.706  (reputation=11 trimmed_mean=39) (model_scaling=0 backdoor_pixel=50) (667s, total 371.8min, 33 runs)
  seed 55 committed_pixel: acc=0.753 ASR=0.786  (reputation=13 trimmed_mean=37) (model_scaling=0 backdoor_pixel=50) (641s, total 382.4min, 34 runs)
  seed 56 committed_pixel: acc=0.777 ASR=0.691  (reputation=10 trimmed_mean=40) (model_scaling=0 backdoor_pixel=50) (663s, total 393.5min, 35 runs)
  seed 57 committed_pixel: acc=0.781 ASR=0.704  (reputation=15 trimmed_mean=35) (model_scaling=0 backdoor_pixel=50) (680s, total 404.8min, 36 runs)
  seed 58 committed_pixel: acc=0.784 ASR=0.897  (reputation=12 trimmed_mean=38) (model_scaling=0 backdoor_pixel=50) (675s, total 416.1min, 37 runs)
  seed 59 committed_pixel: acc=0.775 ASR=0.623  (reputation=12 trimmed_mean=38) (model_scaling=0 backdoor_pixel=50) (673s, total 427.3min, 38 runs)
  seed 60 committed_pixel: acc=0.775 ASR=0.807  (reputation=16 trimmed_mean=34) (model_scaling=0 backdoor_pixel=50) (669s, total 438.4min, 39 runs)
  seed 61 committed_pixel: acc=0.764 ASR=0.900  (reputation=19 trimmed_mean=31) (model_scaling=0 backdoor_pixel=50) (675s, total 449.7min, 40 runs)
  seed 62 committed_pixel: acc=0.758 ASR=0.861  (reputation=14 trimmed_mean=36) (model_scaling=0 backdoor_pixel=50) (667s, total 460.8min, 41 runs)
  seed 63 committed_pixel: acc=0.754 ASR=0.776  (reputation=17 trimmed_mean=33) (model_scaling=0 backdoor_pixel=50) (682s, total 472.2min, 42 runs)
  seed 64 committed_pixel: acc=0.756 ASR=0.748  (reputation=15 trimmed_mean=35) (model_scaling=0 backdoor_pixel=50) (686s, total 483.6min, 43 runs)
  seed 65 committed_pixel: acc=0.779 ASR=0.630  (reputation=14 trimmed_mean=36) (model_scaling=0 backdoor_pixel=50) (672s, total 494.8min, 44 runs)
  seed 66 committed_pixel: acc=0.779 ASR=0.834  (reputation=13 trimmed_mean=37) (model_scaling=0 backdoor_pixel=50) (658s, total 505.8min, 45 runs)
  seed 67 committed_pixel: acc=0.772 ASR=0.662  (reputation=11 trimmed_mean=39) (model_scaling=0 backdoor_pixel=50) (688s, total 517.3min, 46 runs)
  seed 68 committed_pixel: acc=0.775 ASR=0.645  (reputation=15 trimmed_mean=35) (model_scaling=0 backdoor_pixel=50) (679s, total 528.6min, 47 runs)
  seed 69 committed_pixel: acc=0.745 ASR=0.537  (reputation=12 trimmed_mean=38) (model_scaling=0 backdoor_pixel=50) (689s, total 540.1min, 48 runs)
  seed 70 committed_pixel: acc=0.765 ASR=0.860  (reputation=14 trimmed_mean=36) (model_scaling=0 backdoor_pixel=50) (700s, total 551.7min, 49 runs)
  seed 71 committed_pixel: acc=0.730 ASR=0.788  (reputation=18 trimmed_mean=32) (model_scaling=0 backdoor_pixel=50) (691s, total 563.2min, 50 runs)
  [skip] oracle seed 42 cached
  [skip] oracle seed 43 cached
  [skip] oracle seed 44 cached
  [skip] oracle seed 45 cached
  [skip] oracle seed 46 cached
  seed 47 oracle: acc=0.657 ASR=0.892  (reputation=17 trimmed_mean=33) (model_scaling=33 backdoor_pixel=17) (657s, total 574.2min, 51 runs)
  seed 48 oracle: acc=0.743 ASR=0.964  (reputation=18 trimmed_mean=32) (model_scaling=32 backdoor_pixel=18) (674s, total 585.4min, 52 runs)
  seed 49 oracle: acc=0.742 ASR=0.910  (reputation=12 trimmed_mean=38) (model_scaling=38 backdoor_pixel=12) (651s, total 596.3min, 53 runs)
  seed 50 oracle: acc=0.541 ASR=0.649  (reputation=14 trimmed_mean=36) (model_scaling=36 backdoor_pixel=14) (648s, total 607.1min, 54 runs)
  seed 51 oracle: acc=0.733 ASR=0.965  (reputation=15 trimmed_mean=35) (model_scaling=35 backdoor_pixel=15) (654s, total 618.0min, 55 runs)
  seed 52 oracle: acc=0.755 ASR=0.940  (reputation=11 trimmed_mean=39) (model_scaling=39 backdoor_pixel=11) (640s, total 628.6min, 56 runs)
  seed 53 oracle: acc=0.755 ASR=0.970  (reputation=17 trimmed_mean=33) (model_scaling=33 backdoor_pixel=17) (684s, total 640.0min, 57 runs)
  seed 54 oracle: acc=0.756 ASR=0.880  (reputation=11 trimmed_mean=39) (model_scaling=39 backdoor_pixel=11) (685s, total 651.5min, 58 runs)
  seed 55 oracle: acc=0.767 ASR=0.947  (reputation=13 trimmed_mean=37) (model_scaling=37 backdoor_pixel=13) (667s, total 662.6min, 59 runs)
  seed 56 oracle: acc=0.757 ASR=0.877  (reputation=10 trimmed_mean=40) (model_scaling=40 backdoor_pixel=10) (662s, total 673.6min, 60 runs)
  seed 57 oracle: acc=0.754 ASR=0.925  (reputation=15 trimmed_mean=35) (model_scaling=35 backdoor_pixel=15) (680s, total 684.9min, 61 runs)
  seed 58 oracle: acc=0.787 ASR=0.965  (reputation=12 trimmed_mean=38) (model_scaling=38 backdoor_pixel=12) (674s, total 696.2min, 62 runs)
  seed 59 oracle: acc=0.706 ASR=0.868  (reputation=12 trimmed_mean=38) (model_scaling=38 backdoor_pixel=12) (672s, total 707.4min, 63 runs)
  seed 60 oracle: acc=0.756 ASR=0.965  (reputation=16 trimmed_mean=34) (model_scaling=34 backdoor_pixel=16) (666s, total 718.5min, 64 runs)
  seed 61 oracle: acc=0.691 ASR=0.986  (reputation=19 trimmed_mean=31) (model_scaling=31 backdoor_pixel=19) (669s, total 729.6min, 65 runs)
  seed 62 oracle: acc=0.739 ASR=0.969  (reputation=14 trimmed_mean=36) (model_scaling=36 backdoor_pixel=14) (739s, total 741.9min, 66 runs)
  seed 63 oracle: acc=0.733 ASR=0.942  (reputation=17 trimmed_mean=33) (model_scaling=33 backdoor_pixel=17) (675s, total 753.2min, 67 runs)
  seed 64 oracle: acc=0.745 ASR=0.956  (reputation=15 trimmed_mean=35) (model_scaling=35 backdoor_pixel=15) (656s, total 764.1min, 68 runs)
  seed 65 oracle: acc=0.783 ASR=0.849  (reputation=14 trimmed_mean=36) (model_scaling=36 backdoor_pixel=14) (656s, total 775.0min, 69 runs)
  seed 66 oracle: acc=0.747 ASR=0.947  (reputation=13 trimmed_mean=37) (model_scaling=37 backdoor_pixel=13) (762s, total 787.7min, 70 runs)
  seed 67 oracle: acc=0.765 ASR=0.927  (reputation=11 trimmed_mean=39) (model_scaling=39 backdoor_pixel=11) (659s, total 798.7min, 71 runs)
  seed 68 oracle: acc=0.730 ASR=0.871  (reputation=15 trimmed_mean=35) (model_scaling=35 backdoor_pixel=15) (649s, total 809.5min, 72 runs)
  seed 69 oracle: acc=0.733 ASR=0.839  (reputation=12 trimmed_mean=38) (model_scaling=38 backdoor_pixel=12) (670s, total 820.7min, 73 runs)
  seed 70 oracle: acc=0.758 ASR=0.967  (reputation=14 trimmed_mean=36) (model_scaling=36 backdoor_pixel=14) (666s, total 831.8min, 74 runs)
  seed 71 oracle: acc=0.583 ASR=0.930  (reputation=18 trimmed_mean=32) (model_scaling=32 backdoor_pixel=18) (669s, total 842.9min, 75 runs)

=== REP+TM SURVIVOR PILOT COMPLETE ===
  committed_scaling: realized ASR = 0.871 +/- 0.095  acc = 0.724 +/- 0.061
    per-seed ASRs: [0.843, 0.756, 0.856, 0.847, 0.887, 0.808, 0.957, 0.872, 0.588, 0.962, 0.929, 0.968, 0.639, 0.872, 0.892, 0.922, 0.934, 0.862, 0.962, 0.999, 0.934, 0.937, 0.923, 0.817, 0.925, 0.909, 0.742, 0.74, 0.955, 0.904]
  committed_pixel: realized ASR = 0.747 +/- 0.106  acc = 0.767 +/- 0.013
    per-seed ASRs: [0.734, 0.489, 0.711, 0.909, 0.693, 0.726, 0.888, 0.777, 0.795, 0.764, 0.614, 0.854, 0.706, 0.786, 0.691, 0.704, 0.897, 0.623, 0.807, 0.9, 0.861, 0.776, 0.748, 0.63, 0.834, 0.662, 0.645, 0.537, 0.86, 0.788]
  oracle: realized ASR = 0.915 +/- 0.065  acc = 0.735 +/- 0.054
    per-seed ASRs: [0.912, 0.824, 0.937, 0.957, 0.905, 0.892, 0.964, 0.91, 0.649, 0.965, 0.94, 0.97, 0.88, 0.947, 0.877, 0.925, 0.965, 0.868, 0.965, 0.986, 0.969, 0.942, 0.956, 0.849, 0.947, 0.927, 0.871, 0.839, 0.967, 0.93]

  realized full-info (oracle): 0.915
  realized committed-max:      0.871
  REALIZED VoPD = 0.043

=== Pre-committed verdict ===
  MEDIUM: realized VoPD = 0.043 in [0.01, 0.05] -> weak survivor

Wall time: 842.9 min
