Round 55 NE-point pilot:
  Policy (NE on restricted menu): {'reputation': 0.218, 'trimmed_mean': 0.782}
  Oracle attack table: {'reputation': 'backdoor_pixel', 'trimmed_mean': 'model_scaling'}
  Adversary policies: ['committed_scaling', 'committed_pixel', 'oracle'], Seeds: [42, 43, 44, 45, 46, 47, 48, 49, 50, 51, 52, 53, 54, 55, 56]
  Expected runs: 45

  seed 42 committed_scaling: acc=0.759 ASR=0.799  (reputation=12 trimmed_mean=38) (model_scaling=50 backdoor_pixel=0) (681s, total 11.4min, 1 runs)
  seed 43 committed_scaling: acc=0.750 ASR=0.811  (reputation=17 trimmed_mean=33) (model_scaling=50 backdoor_pixel=0) (677s, total 22.6min, 2 runs)
  seed 44 committed_scaling: acc=0.748 ASR=0.774  (reputation=13 trimmed_mean=37) (model_scaling=50 backdoor_pixel=0) (669s, total 33.8min, 3 runs)
  seed 45 committed_scaling: acc=0.560 ASR=0.778  (reputation=11 trimmed_mean=39) (model_scaling=50 backdoor_pixel=0) (679s, total 45.1min, 4 runs)
  seed 46 committed_scaling: acc=0.731 ASR=0.840  (reputation=7 trimmed_mean=43) (model_scaling=50 backdoor_pixel=0) (682s, total 56.5min, 5 runs)
  seed 47 committed_scaling: acc=0.671 ASR=0.910  (reputation=12 trimmed_mean=38) (model_scaling=50 backdoor_pixel=0) (657s, total 67.4min, 6 runs)
  seed 48 committed_scaling: acc=0.734 ASR=0.974  (reputation=7 trimmed_mean=43) (model_scaling=50 backdoor_pixel=0) (673s, total 78.6min, 7 runs)
  seed 49 committed_scaling: acc=0.729 ASR=0.935  (reputation=9 trimmed_mean=41) (model_scaling=50 backdoor_pixel=0) (673s, total 89.9min, 8 runs)
  seed 50 committed_scaling: acc=0.663 ASR=0.810  (reputation=10 trimmed_mean=40) (model_scaling=50 backdoor_pixel=0) (656s, total 100.8min, 9 runs)
  seed 51 committed_scaling: acc=0.726 ASR=0.960  (reputation=9 trimmed_mean=41) (model_scaling=50 backdoor_pixel=0) (674s, total 112.0min, 10 runs)
  seed 52 committed_scaling: acc=0.743 ASR=0.919  (reputation=16 trimmed_mean=34) (model_scaling=50 backdoor_pixel=0) (666s, total 123.1min, 11 runs)
  seed 53 committed_scaling: acc=0.748 ASR=0.943  (reputation=14 trimmed_mean=36) (model_scaling=50 backdoor_pixel=0) (684s, total 134.5min, 12 runs)
  seed 54 committed_scaling: acc=0.532 ASR=0.999  (reputation=13 trimmed_mean=37) (model_scaling=50 backdoor_pixel=0) (674s, total 145.7min, 13 runs)
  seed 55 committed_scaling: acc=0.701 ASR=0.894  (reputation=11 trimmed_mean=39) (model_scaling=50 backdoor_pixel=0) (657s, total 156.7min, 14 runs)
  seed 56 committed_scaling: acc=0.733 ASR=0.909  (reputation=7 trimmed_mean=43) (model_scaling=50 backdoor_pixel=0) (674s, total 167.9min, 15 runs)
  seed 42 committed_pixel: acc=0.774 ASR=0.723  (reputation=12 trimmed_mean=38) (model_scaling=0 backdoor_pixel=50) (674s, total 179.2min, 16 runs)
  seed 43 committed_pixel: acc=0.780 ASR=0.546  (reputation=17 trimmed_mean=33) (model_scaling=0 backdoor_pixel=50) (691s, total 190.7min, 17 runs)
  seed 44 committed_pixel: acc=0.775 ASR=0.673  (reputation=13 trimmed_mean=37) (model_scaling=0 backdoor_pixel=50) (681s, total 202.0min, 18 runs)
  seed 45 committed_pixel: acc=0.772 ASR=0.876  (reputation=11 trimmed_mean=39) (model_scaling=0 backdoor_pixel=50) (662s, total 213.1min, 19 runs)
  seed 46 committed_pixel: acc=0.773 ASR=0.677  (reputation=7 trimmed_mean=43) (model_scaling=0 backdoor_pixel=50) (662s, total 224.1min, 20 runs)
  seed 47 committed_pixel: acc=0.757 ASR=0.674  (reputation=12 trimmed_mean=38) (model_scaling=0 backdoor_pixel=50) (667s, total 235.2min, 21 runs)
  seed 48 committed_pixel: acc=0.782 ASR=0.859  (reputation=7 trimmed_mean=43) (model_scaling=0 backdoor_pixel=50) (677s, total 246.5min, 22 runs)
  seed 49 committed_pixel: acc=0.750 ASR=0.789  (reputation=9 trimmed_mean=41) (model_scaling=0 backdoor_pixel=50) (668s, total 257.6min, 23 runs)
  seed 50 committed_pixel: acc=0.753 ASR=0.772  (reputation=10 trimmed_mean=40) (model_scaling=0 backdoor_pixel=50) (670s, total 268.8min, 24 runs)
  seed 51 committed_pixel: acc=0.758 ASR=0.768  (reputation=9 trimmed_mean=41) (model_scaling=0 backdoor_pixel=50) (669s, total 280.0min, 25 runs)
  seed 52 committed_pixel: acc=0.772 ASR=0.648  (reputation=16 trimmed_mean=34) (model_scaling=0 backdoor_pixel=50) (656s, total 290.9min, 26 runs)
  seed 53 committed_pixel: acc=0.778 ASR=0.847  (reputation=14 trimmed_mean=36) (model_scaling=0 backdoor_pixel=50) (656s, total 301.8min, 27 runs)
  seed 54 committed_pixel: acc=0.757 ASR=0.680  (reputation=13 trimmed_mean=37) (model_scaling=0 backdoor_pixel=50) (660s, total 312.8min, 28 runs)
  seed 55 committed_pixel: acc=0.743 ASR=0.725  (reputation=11 trimmed_mean=39) (model_scaling=0 backdoor_pixel=50) (641s, total 323.5min, 29 runs)
  seed 56 committed_pixel: acc=0.775 ASR=0.680  (reputation=7 trimmed_mean=43) (model_scaling=0 backdoor_pixel=50) (667s, total 334.6min, 30 runs)
  seed 42 oracle: acc=0.759 ASR=0.886  (reputation=12 trimmed_mean=38) (model_scaling=38 backdoor_pixel=12) (683s, total 346.0min, 31 runs)
  seed 43 oracle: acc=0.762 ASR=0.828  (reputation=17 trimmed_mean=33) (model_scaling=33 backdoor_pixel=17) (693s, total 357.6min, 32 runs)
  seed 44 oracle: acc=0.764 ASR=0.854  (reputation=13 trimmed_mean=37) (model_scaling=37 backdoor_pixel=13) (691s, total 369.1min, 33 runs)
  seed 45 oracle: acc=0.531 ASR=0.779  (reputation=11 trimmed_mean=39) (model_scaling=39 backdoor_pixel=11) (685s, total 380.5min, 34 runs)
  seed 46 oracle: acc=0.747 ASR=0.917  (reputation=7 trimmed_mean=43) (model_scaling=43 backdoor_pixel=7) (665s, total 391.6min, 35 runs)
  seed 47 oracle: acc=0.684 ASR=0.935  (reputation=12 trimmed_mean=38) (model_scaling=38 backdoor_pixel=12) (659s, total 402.6min, 36 runs)
  seed 48 oracle: acc=0.720 ASR=0.963  (reputation=7 trimmed_mean=43) (model_scaling=43 backdoor_pixel=7) (668s, total 413.7min, 37 runs)
  seed 49 oracle: acc=0.743 ASR=0.942  (reputation=9 trimmed_mean=41) (model_scaling=41 backdoor_pixel=9) (659s, total 424.7min, 38 runs)
  seed 50 oracle: acc=0.704 ASR=0.865  (reputation=10 trimmed_mean=40) (model_scaling=40 backdoor_pixel=10) (653s, total 435.6min, 39 runs)
  seed 51 oracle: acc=0.726 ASR=0.973  (reputation=9 trimmed_mean=41) (model_scaling=41 backdoor_pixel=9) (646s, total 446.3min, 40 runs)
  seed 52 oracle: acc=0.745 ASR=0.946  (reputation=16 trimmed_mean=34) (model_scaling=34 backdoor_pixel=16) (648s, total 457.1min, 41 runs)
  seed 53 oracle: acc=0.747 ASR=0.953  (reputation=14 trimmed_mean=36) (model_scaling=36 backdoor_pixel=14) (675s, total 468.4min, 42 runs)
  seed 54 oracle: acc=0.465 ASR=1.000  (reputation=13 trimmed_mean=37) (model_scaling=37 backdoor_pixel=13) (682s, total 479.7min, 43 runs)
  seed 55 oracle: acc=0.716 ASR=0.907  (reputation=11 trimmed_mean=39) (model_scaling=39 backdoor_pixel=11) (659s, total 490.7min, 44 runs)
  seed 56 oracle: acc=0.742 ASR=0.900  (reputation=7 trimmed_mean=43) (model_scaling=43 backdoor_pixel=7) (659s, total 501.7min, 45 runs)

=== NE-POINT PILOT COMPLETE ===
  committed_scaling: n=15 mean=0.884±0.073
    per-seed: [0.799, 0.811, 0.774, 0.778, 0.84, 0.91, 0.974, 0.935, 0.81, 0.96, 0.919, 0.943, 0.999, 0.894, 0.909]
  committed_pixel: n=15 mean=0.729±0.087
    per-seed: [0.723, 0.546, 0.673, 0.876, 0.677, 0.674, 0.859, 0.789, 0.772, 0.768, 0.648, 0.847, 0.68, 0.725, 0.68]
  oracle: n=15 mean=0.910±0.057
    per-seed: [0.886, 0.828, 0.854, 0.779, 0.917, 0.935, 0.963, 0.942, 0.865, 0.973, 0.946, 0.953, 1.0, 0.907, 0.9]

  Per-seed (n=15): mean VoPD = 0.020±0.044
  positive: 12/15
  STRONG (>=0.05): 4/15

=== Pre-committed verdict ===
  MEDIUM: realized VoPD = 0.020 in [0.01, 0.03]

Wall time: 501.7 min
Round 55 NE-point pilot:
  Policy (NE on restricted menu): {'reputation': 0.218, 'trimmed_mean': 0.782}
  Oracle attack table: {'reputation': 'backdoor_pixel', 'trimmed_mean': 'model_scaling'}
  Adversary policies: ['committed_scaling', 'committed_pixel', 'oracle'], Seeds: [42, 43, 44, 45, 46, 47, 48, 49, 50, 51, 52, 53, 54, 55, 56, 57, 58, 59, 60, 61, 62, 63, 64, 65, 66, 67, 68, 69, 70, 71]
  Expected runs: 90

  [skip] committed_scaling seed 42 cached
  [skip] committed_scaling seed 43 cached
  [skip] committed_scaling seed 44 cached
  [skip] committed_scaling seed 45 cached
  [skip] committed_scaling seed 46 cached
  [skip] committed_scaling seed 47 cached
  [skip] committed_scaling seed 48 cached
  [skip] committed_scaling seed 49 cached
  [skip] committed_scaling seed 50 cached
  [skip] committed_scaling seed 51 cached
  [skip] committed_scaling seed 52 cached
  [skip] committed_scaling seed 53 cached
  [skip] committed_scaling seed 54 cached
  [skip] committed_scaling seed 55 cached
  [skip] committed_scaling seed 56 cached
  seed 57 committed_scaling: acc=0.747 ASR=0.849  (reputation=10 trimmed_mean=40) (model_scaling=50 backdoor_pixel=0) (667s, total 11.1min, 1 runs)
  seed 58 committed_scaling: acc=0.503 ASR=0.998  (reputation=9 trimmed_mean=41) (model_scaling=50 backdoor_pixel=0) (661s, total 22.1min, 2 runs)
  seed 59 committed_scaling: acc=0.636 ASR=0.778  (reputation=9 trimmed_mean=41) (model_scaling=50 backdoor_pixel=0) (668s, total 33.3min, 3 runs)
  seed 60 committed_scaling: acc=0.741 ASR=0.911  (reputation=12 trimmed_mean=38) (model_scaling=50 backdoor_pixel=0) (660s, total 44.3min, 4 runs)
  seed 61 committed_scaling: acc=0.744 ASR=0.862  (reputation=13 trimmed_mean=37) (model_scaling=50 backdoor_pixel=0) (641s, total 55.0min, 5 runs)
  seed 62 committed_scaling: acc=0.702 ASR=0.955  (reputation=9 trimmed_mean=41) (model_scaling=50 backdoor_pixel=0) (665s, total 66.0min, 6 runs)
  seed 63 committed_scaling: acc=0.749 ASR=0.880  (reputation=13 trimmed_mean=37) (model_scaling=50 backdoor_pixel=0) (675s, total 77.3min, 7 runs)
  seed 64 committed_scaling: acc=0.730 ASR=0.944  (reputation=13 trimmed_mean=37) (model_scaling=50 backdoor_pixel=0) (661s, total 88.3min, 8 runs)
  seed 65 committed_scaling: acc=0.781 ASR=0.794  (reputation=17 trimmed_mean=33) (model_scaling=50 backdoor_pixel=0) (674s, total 99.5min, 9 runs)
  seed 66 committed_scaling: acc=0.739 ASR=0.943  (reputation=8 trimmed_mean=42) (model_scaling=50 backdoor_pixel=0) (647s, total 110.3min, 10 runs)
  seed 67 committed_scaling: acc=0.762 ASR=0.889  (reputation=8 trimmed_mean=42) (model_scaling=50 backdoor_pixel=0) (669s, total 121.5min, 11 runs)
  seed 68 committed_scaling: acc=0.753 ASR=0.845  (reputation=10 trimmed_mean=40) (model_scaling=50 backdoor_pixel=0) (648s, total 132.3min, 12 runs)
  seed 69 committed_scaling: acc=0.706 ASR=0.905  (reputation=6 trimmed_mean=44) (model_scaling=50 backdoor_pixel=0) (688s, total 143.7min, 13 runs)
  seed 70 committed_scaling: acc=0.743 ASR=0.969  (reputation=16 trimmed_mean=34) (model_scaling=50 backdoor_pixel=0) (694s, total 155.3min, 14 runs)
  seed 71 committed_scaling: acc=0.527 ASR=0.907  (reputation=10 trimmed_mean=40) (model_scaling=50 backdoor_pixel=0) (687s, total 166.8min, 15 runs)
  [skip] committed_pixel seed 42 cached
  [skip] committed_pixel seed 43 cached
  [skip] committed_pixel seed 44 cached
  [skip] committed_pixel seed 45 cached
  [skip] committed_pixel seed 46 cached
  [skip] committed_pixel seed 47 cached
  [skip] committed_pixel seed 48 cached
  [skip] committed_pixel seed 49 cached
  [skip] committed_pixel seed 50 cached
  [skip] committed_pixel seed 51 cached
  [skip] committed_pixel seed 52 cached
  [skip] committed_pixel seed 53 cached
  [skip] committed_pixel seed 54 cached
  [skip] committed_pixel seed 55 cached
  [skip] committed_pixel seed 56 cached
  seed 57 committed_pixel: acc=0.783 ASR=0.704  (reputation=10 trimmed_mean=40) (model_scaling=0 backdoor_pixel=50) (674s, total 178.0min, 16 runs)
  seed 58 committed_pixel: acc=0.790 ASR=0.840  (reputation=9 trimmed_mean=41) (model_scaling=0 backdoor_pixel=50) (667s, total 189.1min, 17 runs)
  seed 59 committed_pixel: acc=0.775 ASR=0.612  (reputation=9 trimmed_mean=41) (model_scaling=0 backdoor_pixel=50) (680s, total 200.4min, 18 runs)
  seed 60 committed_pixel: acc=0.777 ASR=0.785  (reputation=12 trimmed_mean=38) (model_scaling=0 backdoor_pixel=50) (670s, total 211.6min, 19 runs)
  seed 61 committed_pixel: acc=0.765 ASR=0.900  (reputation=13 trimmed_mean=37) (model_scaling=0 backdoor_pixel=50) (671s, total 222.8min, 20 runs)
  seed 62 committed_pixel: acc=0.752 ASR=0.843  (reputation=9 trimmed_mean=41) (model_scaling=0 backdoor_pixel=50) (657s, total 233.7min, 21 runs)
  seed 63 committed_pixel: acc=0.754 ASR=0.771  (reputation=13 trimmed_mean=37) (model_scaling=0 backdoor_pixel=50) (676s, total 245.0min, 22 runs)
  seed 64 committed_pixel: acc=0.760 ASR=0.776  (reputation=13 trimmed_mean=37) (model_scaling=0 backdoor_pixel=50) (691s, total 256.5min, 23 runs)
  seed 65 committed_pixel: acc=0.785 ASR=0.703  (reputation=17 trimmed_mean=33) (model_scaling=0 backdoor_pixel=50) (705s, total 268.3min, 24 runs)
  seed 66 committed_pixel: acc=0.776 ASR=0.841  (reputation=8 trimmed_mean=42) (model_scaling=0 backdoor_pixel=50) (670s, total 279.4min, 25 runs)
  seed 67 committed_pixel: acc=0.773 ASR=0.650  (reputation=8 trimmed_mean=42) (model_scaling=0 backdoor_pixel=50) (663s, total 290.5min, 26 runs)
  seed 68 committed_pixel: acc=0.775 ASR=0.663  (reputation=10 trimmed_mean=40) (model_scaling=0 backdoor_pixel=50) (640s, total 301.2min, 27 runs)
  seed 69 committed_pixel: acc=0.745 ASR=0.495  (reputation=6 trimmed_mean=44) (model_scaling=0 backdoor_pixel=50) (660s, total 312.2min, 28 runs)
  seed 70 committed_pixel: acc=0.764 ASR=0.858  (reputation=16 trimmed_mean=34) (model_scaling=0 backdoor_pixel=50) (667s, total 323.3min, 29 runs)
  seed 71 committed_pixel: acc=0.719 ASR=0.766  (reputation=10 trimmed_mean=40) (model_scaling=0 backdoor_pixel=50) (656s, total 334.2min, 30 runs)
  [skip] oracle seed 42 cached
  [skip] oracle seed 43 cached
  [skip] oracle seed 44 cached
  [skip] oracle seed 45 cached
  [skip] oracle seed 46 cached
  [skip] oracle seed 47 cached
  [skip] oracle seed 48 cached
  [skip] oracle seed 49 cached
  [skip] oracle seed 50 cached
  [skip] oracle seed 51 cached
  [skip] oracle seed 52 cached
  [skip] oracle seed 53 cached
  [skip] oracle seed 54 cached
  [skip] oracle seed 55 cached
  [skip] oracle seed 56 cached
  seed 57 oracle: acc=0.747 ASR=0.896  (reputation=10 trimmed_mean=40) (model_scaling=40 backdoor_pixel=10) (641s, total 344.9min, 31 runs)
  seed 58 oracle: acc=0.499 ASR=0.997  (reputation=9 trimmed_mean=41) (model_scaling=41 backdoor_pixel=9) (647s, total 355.7min, 32 runs)
  seed 59 oracle: acc=0.732 ASR=0.868  (reputation=9 trimmed_mean=41) (model_scaling=41 backdoor_pixel=9) (645s, total 366.4min, 33 runs)
  seed 60 oracle: acc=0.744 ASR=0.915  (reputation=12 trimmed_mean=38) (model_scaling=38 backdoor_pixel=12) (640s, total 377.1min, 34 runs)
  seed 61 oracle: acc=0.770 ASR=0.973  (reputation=13 trimmed_mean=37) (model_scaling=37 backdoor_pixel=13) (637s, total 387.7min, 35 runs)
  seed 62 oracle: acc=0.699 ASR=0.962  (reputation=9 trimmed_mean=41) (model_scaling=41 backdoor_pixel=9) (638s, total 398.3min, 36 runs)
  seed 63 oracle: acc=0.741 ASR=0.922  (reputation=13 trimmed_mean=37) (model_scaling=37 backdoor_pixel=13) (656s, total 409.3min, 37 runs)
  seed 64 oracle: acc=0.729 ASR=0.960  (reputation=13 trimmed_mean=37) (model_scaling=37 backdoor_pixel=13) (652s, total 420.2min, 38 runs)
  seed 65 oracle: acc=0.782 ASR=0.861  (reputation=17 trimmed_mean=33) (model_scaling=33 backdoor_pixel=17) (659s, total 431.1min, 39 runs)
  seed 66 oracle: acc=0.735 ASR=0.953  (reputation=8 trimmed_mean=42) (model_scaling=42 backdoor_pixel=8) (638s, total 441.8min, 40 runs)
  seed 67 oracle: acc=0.769 ASR=0.882  (reputation=8 trimmed_mean=42) (model_scaling=42 backdoor_pixel=8) (656s, total 452.7min, 41 runs)
  seed 68 oracle: acc=0.770 ASR=0.895  (reputation=10 trimmed_mean=40) (model_scaling=40 backdoor_pixel=10) (642s, total 463.4min, 42 runs)
  seed 69 oracle: acc=0.707 ASR=0.873  (reputation=6 trimmed_mean=44) (model_scaling=44 backdoor_pixel=6) (662s, total 474.4min, 43 runs)
  seed 70 oracle: acc=0.758 ASR=0.969  (reputation=16 trimmed_mean=34) (model_scaling=34 backdoor_pixel=16) (669s, total 485.6min, 44 runs)
  seed 71 oracle: acc=0.636 ASR=0.953  (reputation=10 trimmed_mean=40) (model_scaling=40 backdoor_pixel=10) (657s, total 496.5min, 45 runs)

=== NE-POINT PILOT COMPLETE ===
  committed_scaling: n=30 mean=0.890±0.067
    per-seed: [0.799, 0.811, 0.774, 0.778, 0.84, 0.91, 0.974, 0.935, 0.81, 0.96, 0.919, 0.943, 0.999, 0.894, 0.909, 0.849, 0.998, 0.778, 0.911, 0.862, 0.955, 0.88, 0.944, 0.794, 0.943, 0.889, 0.845, 0.905, 0.969, 0.907]
  committed_pixel: n=30 mean=0.738±0.097
    per-seed: [0.723, 0.546, 0.673, 0.876, 0.677, 0.674, 0.859, 0.789, 0.772, 0.768, 0.648, 0.847, 0.68, 0.725, 0.68, 0.704, 0.84, 0.612, 0.785, 0.9, 0.843, 0.771, 0.776, 0.703, 0.841, 0.65, 0.663, 0.495, 0.858, 0.766]
  oracle: n=30 mean=0.917±0.051
    per-seed: [0.886, 0.828, 0.854, 0.779, 0.917, 0.935, 0.963, 0.942, 0.865, 0.973, 0.946, 0.953, 1.0, 0.907, 0.9, 0.896, 0.997, 0.868, 0.915, 0.973, 0.962, 0.922, 0.96, 0.861, 0.953, 0.882, 0.895, 0.873, 0.969, 0.953]

  Per-seed (n=30): mean VoPD = 0.023±0.039
  positive: 24/30
  STRONG (>=0.05): 7/30

=== Pre-committed verdict ===
  MEDIUM: realized VoPD = 0.023 in [0.01, 0.03]

Wall time: 496.5 min
