Shakespeare collapse experiment:
  Policy: {'fedavg': 0.26, 'norm_clip': 0.74}, Seeds: [42, 43, 44, 45, 46, 47, 48, 49, 50, 51, 52, 53, 54, 55, 56]
  N=10, K=5, f=0.2
  Model: CharLSTM, Scale: 10.0x

  seed 42: acc=0.210 ASR=1.000 (141s, 1 runs, total 2.4min)
  seed 43: acc=0.372 ASR=1.000 (146s, 2 runs, total 4.8min)
  seed 44: acc=0.267 ASR=1.000 (144s, 3 runs, total 7.2min)
  seed 45: acc=0.327 ASR=1.000 (140s, 4 runs, total 9.5min)
  seed 46: acc=0.301 ASR=1.000 (137s, 5 runs, total 11.8min)
  seed 47: acc=0.354 ASR=1.000 (138s, 6 runs, total 14.1min)
  seed 48: acc=0.307 ASR=1.000 (140s, 7 runs, total 16.4min)
  seed 49: acc=0.334 ASR=1.000 (140s, 8 runs, total 18.8min)
  seed 50: acc=0.364 ASR=1.000 (140s, 9 runs, total 21.1min)
  seed 51: acc=0.383 ASR=1.000 (138s, 10 runs, total 23.4min)
  seed 52: acc=0.362 ASR=1.000 (138s, 11 runs, total 25.7min)
  seed 53: acc=0.285 ASR=1.000 (138s, 12 runs, total 28.0min)
  seed 54: acc=0.319 ASR=1.000 (138s, 13 runs, total 30.3min)
  seed 55: acc=0.302 ASR=1.000 (138s, 14 runs, total 32.6min)
  seed 56: acc=0.375 ASR=1.000 (139s, 15 runs, total 34.9min)

=== SHAKESPEARE COLLAPSE COMPLETE ===
  Scaling ASR: 1.000 +/- 0.000
  Accuracy:    0.324 +/- 0.046
  per-seed ASRs: [1.0, 1.0, 1.0, 1.0, 1.0, 1.0, 1.0, 1.0, 1.0, 1.0, 1.0, 1.0, 1.0, 1.0, 1.0]
  PERSISTENCE REPLICATES ON LSTM!
Wall time: 34.9 min
