Round 53 ResNet18 mini-boundary sweep:
  Model: resnet18
  NC90_rep10: {'norm_clip': 0.9, 'reputation': 0.1}
  NC50_rep50: {'norm_clip': 0.5, 'reputation': 0.5}
  NC10_rep90: {'norm_clip': 0.1, 'reputation': 0.9}
  Attack: model_scaling, Seeds: [42, 43, 44, 45, 46]
  Planned runs: 15

  [skip] NC90_rep10 seed 42 cached
  seed 43 NC90_rep10: acc=0.662 ASR=0.929 (nc=47/rep=3) (5906s, total 98.4min, 1 runs)
  seed 44 NC90_rep10: acc=0.698 ASR=0.965 (nc=43/rep=7) (5922s, total 197.1min, 2 runs)
  seed 45 NC90_rep10: acc=0.700 ASR=0.974 (nc=46/rep=4) (5887s, total 295.2min, 3 runs)
  seed 46 NC90_rep10: acc=0.751 ASR=0.962 (nc=46/rep=4) (5904s, total 393.6min, 4 runs)
  seed 42 NC50_rep50: acc=0.746 ASR=0.924 (nc=32/rep=18) (6003s, total 493.7min, 5 runs)
  seed 43 NC50_rep50: acc=0.685 ASR=0.971 (nc=22/rep=28) (6111s, total 595.5min, 6 runs)
Round 53 ResNet18 mini-boundary sweep:
  Model: resnet18
  NC90_rep10: {'norm_clip': 0.9, 'reputation': 0.1}
  NC50_rep50: {'norm_clip': 0.5, 'reputation': 0.5}
  NC10_rep90: {'norm_clip': 0.1, 'reputation': 0.9}
  Attack: model_scaling, Seeds: [42, 43, 44, 45, 46]
  Planned runs: 15

  [skip] NC90_rep10 seed 42 cached
  [skip] NC90_rep10 seed 43 cached
  [skip] NC90_rep10 seed 44 cached
  [skip] NC90_rep10 seed 45 cached
  [skip] NC90_rep10 seed 46 cached
  [skip] NC50_rep50 seed 42 cached
  [skip] NC50_rep50 seed 43 cached
  seed 44 NC50_rep50: acc=0.757 ASR=0.813 (nc=23/rep=27) (6134s, total 102.2min, 1 runs)
  seed 45 NC50_rep50: acc=0.667 ASR=0.920 (nc=26/rep=24) (6049s, total 203.0min, 2 runs)
  seed 46 NC50_rep50: acc=0.752 ASR=0.903 (nc=28/rep=22) (6045s, total 303.8min, 3 runs)
  seed 42 NC10_rep90: acc=0.674 ASR=0.917 (nc=6/rep=44) (6115s, total 405.7min, 4 runs)
  seed 43 NC10_rep90: acc=0.766 ASR=0.733 (nc=5/rep=45) (6205s, total 509.1min, 5 runs)
  seed 44 NC10_rep90: acc=0.667 ASR=0.783 (nc=6/rep=44) (6171s, total 612.0min, 6 runs)
  seed 45 NC10_rep90: acc=0.153 ASR=0.975 (nc=7/rep=43) (6152s, total 714.5min, 7 runs)
  seed 46 NC10_rep90: acc=0.716 ASR=0.915 (nc=5/rep=45) (6105s, total 816.2min, 8 runs)

=== ResNet18 MINI-SWEEP COMPLETE ===
  NC90_rep10: scaling ASR = 0.951 +/- 0.020  per-seed: [0.926, 0.929, 0.965, 0.974, 0.962]
  NC50_rep50: scaling ASR = 0.906 +/- 0.052  per-seed: [0.924, 0.971, 0.813, 0.92, 0.903]
  NC10_rep90: scaling ASR = 0.865 +/- 0.091  per-seed: [0.917, 0.733, 0.783, 0.975, 0.915]

Wall time: 816.2 min

=== Pre-committed verdict ===
  MEDIUM: 0.951 -> 0.906 -> 0.865 monotonic but endpoints don't both pass
