τ=2 scale to 15 seeds (Round 54 extension): seeds 47-56, NormClip τ=2.0
Attacks: ['no_attack', 'model_scaling', 'backdoor_pixel'], Seeds: [47, 48, 49, 50, 51, 52, 53, 54, 55, 56], Policy: {'fedavg': 0.26, 'norm_clip': 0.74}

  seed 47 no_attack: acc=0.783 ASR=0.000 (fedavg_rounds=16) (646s, total 10.8min, 1 runs)
  seed 47 model_scaling: acc=0.739 ASR=0.962 (fedavg_rounds=8) (651s, total 21.6min, 2 runs)
  seed 47 backdoor_pixel: acc=0.783 ASR=0.830 (fedavg_rounds=17) (657s, total 32.6min, 3 runs)
  seed 48 no_attack: acc=0.795 ASR=0.000 (fedavg_rounds=13) (665s, total 43.7min, 4 runs)
  seed 48 model_scaling: acc=0.599 ASR=0.975 (fedavg_rounds=12) (643s, total 54.4min, 5 runs)
  seed 48 backdoor_pixel: acc=0.791 ASR=0.919 (fedavg_rounds=11) (636s, total 65.0min, 6 runs)
  seed 49 no_attack: acc=0.769 ASR=0.000 (fedavg_rounds=14) (627s, total 75.4min, 7 runs)
  seed 49 model_scaling: acc=0.695 ASR=0.962 (fedavg_rounds=11) (652s, total 86.3min, 8 runs)
  seed 49 backdoor_pixel: acc=0.766 ASR=0.819 (fedavg_rounds=15) (670s, total 97.5min, 9 runs)
  seed 50 no_attack: acc=0.773 ASR=0.000 (fedavg_rounds=12) (642s, total 108.2min, 10 runs)
  seed 50 model_scaling: acc=0.186 ASR=0.162 (fedavg_rounds=18) (641s, total 118.9min, 11 runs)
  seed 50 backdoor_pixel: acc=0.768 ASR=0.850 (fedavg_rounds=11) (628s, total 129.3min, 12 runs)
  seed 51 no_attack: acc=0.774 ASR=0.000 (fedavg_rounds=14) (625s, total 139.8min, 13 runs)
  seed 51 model_scaling: acc=0.638 ASR=0.992 (fedavg_rounds=17) (626s, total 150.2min, 14 runs)
  seed 51 backdoor_pixel: acc=0.773 ASR=0.782 (fedavg_rounds=12) (627s, total 160.7min, 15 runs)
  seed 52 no_attack: acc=0.790 ASR=0.000 (fedavg_rounds=13) (618s, total 171.0min, 16 runs)
  seed 52 model_scaling: acc=0.773 ASR=0.915 (fedavg_rounds=9) (619s, total 181.3min, 17 runs)
  seed 52 backdoor_pixel: acc=0.779 ASR=0.749 (fedavg_rounds=16) (620s, total 191.6min, 18 runs)
  seed 53 no_attack: acc=0.792 ASR=0.000 (fedavg_rounds=14) (630s, total 202.1min, 19 runs)
  seed 53 model_scaling: acc=0.709 ASR=0.970 (fedavg_rounds=18) (632s, total 212.6min, 20 runs)
  seed 53 backdoor_pixel: acc=0.783 ASR=0.919 (fedavg_rounds=18) (631s, total 223.2min, 21 runs)
  seed 54 no_attack: acc=0.787 ASR=0.000 (fedavg_rounds=10) (636s, total 233.8min, 22 runs)
  seed 54 model_scaling: acc=0.673 ASR=0.925 (fedavg_rounds=9) (637s, total 244.4min, 23 runs)
  seed 54 backdoor_pixel: acc=0.765 ASR=0.771 (fedavg_rounds=8) (637s, total 255.0min, 24 runs)
  seed 55 no_attack: acc=0.778 ASR=0.000 (fedavg_rounds=19) (615s, total 265.3min, 25 runs)
  seed 55 model_scaling: acc=0.698 ASR=0.968 (fedavg_rounds=16) (616s, total 275.5min, 26 runs)
  seed 55 backdoor_pixel: acc=0.756 ASR=0.889 (fedavg_rounds=14) (616s, total 285.8min, 27 runs)
  seed 56 no_attack: acc=0.786 ASR=0.000 (fedavg_rounds=12) (631s, total 296.3min, 28 runs)
  seed 56 model_scaling: acc=0.688 ASR=0.923 (fedavg_rounds=11) (632s, total 306.8min, 29 runs)
  seed 56 backdoor_pixel: acc=0.787 ASR=0.794 (fedavg_rounds=9) (632s, total 317.4min, 30 runs)

=== τ=2 EXTENSION COMPLETE ===
  no_attack: ASR=0.000+/-0.000 (n=10)  acc=0.783
    per-seed: [0.0, 0.0, 0.0, 0.0, 0.0, 0.0, 0.0, 0.0, 0.0, 0.0]
  model_scaling: ASR=0.876+/-0.239 (n=10)  acc=0.640
    per-seed: [0.962, 0.975, 0.962, 0.162, 0.992, 0.915, 0.97, 0.925, 0.968, 0.923]
  backdoor_pixel: ASR=0.832+/-0.058 (n=10)  acc=0.775
    per-seed: [0.83, 0.919, 0.819, 0.85, 0.782, 0.749, 0.919, 0.771, 0.889, 0.794]
Wall time: 317.4 min
