DBA at f=0.4 NE3 BR experiment (Round 45 second persistent attack):
  Policy: {'fedavg': 0.26, 'norm_clip': 0.74}
  Attacks: ['no_attack', 'dba', 'backdoor_pixel'], Seeds: [42, 43, 44, 45, 46]
  f=0.4, N=10, K=5, T=50

  Seed 42, attack=no_attack... acc=0.799, ASR=0.000
  Seed 42, attack=dba... acc=0.778, ASR=0.222
  Seed 42, attack=backdoor_pixel... acc=0.784, ASR=0.972
  Seed 43, attack=no_attack... acc=0.805, ASR=0.000
  Seed 43, attack=dba... acc=0.793, ASR=0.103
  Seed 43, attack=backdoor_pixel... acc=0.797, ASR=0.945
  Seed 44, attack=no_attack... acc=0.790, ASR=0.000
  Seed 44, attack=dba... acc=0.786, ASR=0.176
  Seed 44, attack=backdoor_pixel... acc=0.787, ASR=0.913
  Seed 45, attack=no_attack... acc=0.794, ASR=0.000
  Seed 45, attack=dba... acc=0.774, ASR=0.603
  Seed 45, attack=backdoor_pixel... acc=0.784, ASR=0.993
  Seed 46, attack=no_attack... acc=0.786, ASR=0.000
  Seed 46, attack=dba... acc=0.764, ASR=0.077
  Seed 46, attack=backdoor_pixel... acc=0.766, ASR=0.934

=== DBA at f=0.4 NE3 BR Summary ===
  no_attack: acc=0.795±0.007, ASR=0.000±0.000
  dba: acc=0.779±0.010, ASR=0.236±0.190
  backdoor_pixel: acc=0.784±0.010, ASR=0.952±0.028

=== Pre-committed interpretation ===
  PARTIAL: realized DBA ASR=0.236 in [0.1, 0.5]; DBA partially works at f=0.4.

Saved: /Users/mediratta/code/paper_writing/AI-Researcher/code/data_poisoning_game/results/randomized_defense_dba_f04/summary.json
