/Users/mediratta/code/paper_writing/AI-Researcher/code/data_poisoning_game/experiments/run_randomized_defense.py:247: SyntaxWarning: "\ " is an invalid escape sequence. Such sequences will not work in the future. Did you mean "\\ "? A raw string is also an option.
  "Normal-form abstraction validation: realized vs.\ predicted outcomes under NE3 policy\n"
Loading pure-strategy baselines from cached per_seed_results...
  seed 52: no cached per_seed_results; will run NE3 BR without delta comparison
  seed 53: no cached per_seed_results; will run NE3 BR without delta comparison
  seed 54: no cached per_seed_results; will run NE3 BR without delta comparison
  seed 55: no cached per_seed_results; will run NE3 BR without delta comparison
  seed 56: no cached per_seed_results; will run NE3 BR without delta comparison

Running randomized defense: {'fedavg': 0.26, 'norm_clip': 0.74}
Attacks: ['no_attack', 'model_scaling', 'backdoor_pixel'], Seeds: [42, 43, 44, 45, 46, 47, 48, 49, 50, 51, 52, 53, 54, 55, 56]
  Seed 42, attack=no_attack... acc=0.799 (pred=0.799), ASR=0.000 (pred=0.000)
  Seed 42, attack=model_scaling... acc=0.732 (pred=0.604), ASR=0.972 (pred=0.693)
  Seed 42, attack=backdoor_pixel... acc=0.787 (pred=0.787), ASR=0.837 (pred=0.837)
  Seed 43, attack=no_attack... acc=0.805 (pred=0.805), ASR=0.000 (pred=0.000)
  Seed 43, attack=model_scaling... acc=0.657 (pred=0.538), ASR=0.985 (pred=0.971)
  Seed 43, attack=backdoor_pixel... acc=0.804 (pred=0.804), ASR=0.693 (pred=0.693)
  Seed 44, attack=no_attack... acc=0.790 (pred=0.790), ASR=0.000 (pred=0.000)
  Seed 44, attack=model_scaling... acc=0.668 (pred=0.577), ASR=0.967 (pred=0.934)
  Seed 44, attack=backdoor_pixel... acc=0.796 (pred=0.796), ASR=0.774 (pred=0.774)
  Seed 45, attack=no_attack... acc=0.794 (pred=0.794), ASR=0.000 (pred=0.000)
  Seed 45, attack=model_scaling... acc=0.362 (pred=0.533), ASR=0.700 (pred=0.925)
  Seed 45, attack=backdoor_pixel... acc=0.779 (pred=0.779), ASR=0.921 (pred=0.921)
  Seed 46, attack=no_attack... acc=0.786 (pred=0.786), ASR=0.000 (pred=0.000)
  Seed 46, attack=model_scaling... acc=0.767 (pred=0.601), ASR=0.980 (pred=0.974)
  Seed 46, attack=backdoor_pixel... acc=0.781 (pred=0.781), ASR=0.805 (pred=0.805)
  Seed 47, attack=no_attack... acc=0.784 (pred=0.784), ASR=0.000 (pred=0.000)
  Seed 47, attack=model_scaling... acc=0.550 (pred=0.435), ASR=0.984 (pred=0.722)
  Seed 47, attack=backdoor_pixel... acc=0.776 (pred=0.776), ASR=0.835 (pred=0.835)
  Seed 48, attack=no_attack... acc=0.796 (pred=0.796), ASR=0.000 (pred=0.000)
  Seed 48, attack=model_scaling... acc=0.741 (pred=0.601), ASR=0.984 (pred=0.722)
  Seed 48, attack=backdoor_pixel... acc=0.788 (pred=0.788), ASR=0.934 (pred=0.934)
  Seed 49, attack=no_attack... acc=0.767 (pred=0.767), ASR=0.000 (pred=0.000)
  Seed 49, attack=model_scaling... acc=0.725 (pred=0.602), ASR=0.965 (pred=0.973)
  Seed 49, attack=backdoor_pixel... acc=0.765 (pred=0.765), ASR=0.805 (pred=0.805)
  Seed 50, attack=no_attack... acc=0.789 (pred=0.789), ASR=0.000 (pred=0.000)
  Seed 50, attack=model_scaling... acc=0.652 (pred=0.575), ASR=0.970 (pred=0.727)
  Seed 50, attack=backdoor_pixel... acc=0.768 (pred=0.768), ASR=0.853 (pred=0.853)
  Seed 51, attack=no_attack... acc=0.780 (pred=0.780), ASR=0.000 (pred=0.000)
  Seed 51, attack=model_scaling... acc=0.746 (pred=0.602), ASR=0.966 (pred=0.706)
  Seed 51, attack=backdoor_pixel... acc=0.775 (pred=0.774), ASR=0.784 (pred=0.786)
  Seed 52, attack=no_attack... acc=0.788 (pred=0.000), ASR=0.000 (pred=0.000)
  Seed 52, attack=model_scaling... acc=0.767 (pred=0.000), ASR=0.966 (pred=0.000)
  Seed 52, attack=backdoor_pixel... acc=0.778 (pred=0.000), ASR=0.708 (pred=0.000)
  Seed 53, attack=no_attack... acc=0.802 (pred=0.000), ASR=0.000 (pred=0.000)
  Seed 53, attack=model_scaling... acc=0.679 (pred=0.000), ASR=0.952 (pred=0.000)
  Seed 53, attack=backdoor_pixel... acc=0.791 (pred=0.000), ASR=0.911 (pred=0.000)
  Seed 54, attack=no_attack... acc=0.782 (pred=0.000), ASR=0.000 (pred=0.000)
  Seed 54, attack=model_scaling... acc=0.191 (pred=0.000), ASR=0.995 (pred=0.000)
  Seed 54, attack=backdoor_pixel... acc=0.745 (pred=0.000), ASR=0.784 (pred=0.000)
  Seed 55, attack=no_attack... acc=0.774 (pred=0.000), ASR=0.000 (pred=0.000)
  Seed 55, attack=model_scaling... acc=0.708 (pred=0.000), ASR=0.993 (pred=0.000)
  Seed 55, attack=backdoor_pixel... acc=0.760 (pred=0.000), ASR=0.892 (pred=0.000)
  Seed 56, attack=no_attack... acc=0.786 (pred=0.000), ASR=0.000 (pred=0.000)
  Seed 56, attack=model_scaling... acc=0.564 (pred=0.000), ASR=0.969 (pred=0.000)
  Seed 56, attack=backdoor_pixel... acc=0.790 (pred=0.000), ASR=0.794 (pred=0.000)

no_attack: realized acc=0.788±0.010, predicted=0.526±0.372, Δ=0.262±0.371
         realized ASR=0.000±0.000, predicted=0.000±0.000, Δ=0.000±0.000

model_scaling: realized acc=0.634±0.157, predicted=0.378±0.270, Δ=0.256±0.270
         realized ASR=0.956±0.069, predicted=0.557±0.406, Δ=0.400±0.428

backdoor_pixel: realized acc=0.779±0.015, predicted=0.521±0.369, Δ=0.258±0.365
         realized ASR=0.822±0.070, predicted=0.550±0.392, Δ=0.272±0.388

Saved: /Users/mediratta/code/paper_writing/AI-Researcher/code/data_poisoning_game/results/randomized_defense/summary.json
Saved: /Users/mediratta/code/paper_writing/AI-Researcher/code/data_poisoning_game/paper/figures/randomized_defense_validation.pdf
