\BOOKMARK [1][-]{section.1}{\376\377\000I\000n\000t\000r\000o\000d\000u\000c\000t\000i\000o\000n}{}% 1
\BOOKMARK [1][-]{section.2}{\376\377\000P\000r\000e\000l\000i\000m\000i\000n\000a\000r\000i\000e\000s}{}% 2
\BOOKMARK [2][-]{subsection.2.1}{\376\377\000F\000e\000d\000e\000r\000a\000t\000e\000d\000\040\000L\000e\000a\000r\000n\000i\000n\000g}{section.2}% 3
\BOOKMARK [2][-]{subsection.2.2}{\376\377\000D\000a\000t\000a\000\040\000P\000o\000i\000s\000o\000n\000i\000n\000g\000\040\000i\000n\000\040\000F\000e\000d\000e\000r\000a\000t\000e\000d\000\040\000L\000e\000a\000r\000n\000i\000n\000g}{section.2}% 4
\BOOKMARK [2][-]{subsection.2.3}{\376\377\000B\000y\000z\000a\000n\000t\000i\000n\000e\000-\000R\000o\000b\000u\000s\000t\000\040\000A\000g\000g\000r\000e\000g\000a\000t\000i\000o\000n}{section.2}% 5
\BOOKMARK [2][-]{subsection.2.4}{\376\377\000G\000a\000m\000e\000\040\000T\000h\000e\000o\000r\000y\000\040\000B\000a\000s\000i\000c\000s}{section.2}% 6
\BOOKMARK [1][-]{section.3}{\376\377\000G\000a\000m\000e\000-\000T\000h\000e\000o\000r\000e\000t\000i\000c\000\040\000F\000r\000a\000m\000e\000w\000o\000r\000k}{}% 7
\BOOKMARK [2][-]{subsection.3.1}{\376\377\000S\000y\000s\000t\000e\000m\000\040\000M\000o\000d\000e\000l}{section.3}% 8
\BOOKMARK [2][-]{subsection.3.2}{\376\377\000P\000l\000a\000y\000e\000r\000s\000\040\000a\000n\000d\000\040\000S\000t\000r\000a\000t\000e\000g\000y\000\040\000S\000p\000a\000c\000e\000s}{section.3}% 9
\BOOKMARK [2][-]{subsection.3.3}{\376\377\000I\000n\000f\000o\000r\000m\000a\000t\000i\000o\000n\000\040\000S\000t\000r\000u\000c\000t\000u\000r\000e}{section.3}% 10
\BOOKMARK [2][-]{subsection.3.4}{\376\377\000T\000h\000r\000e\000a\000t\000\040\000M\000o\000d\000e\000l\000\040\000A\000s\000s\000u\000m\000p\000t\000i\000o\000n\000s}{section.3}% 11
\BOOKMARK [2][-]{subsection.3.5}{\376\377\000U\000t\000i\000l\000i\000t\000y\000\040\000F\000u\000n\000c\000t\000i\000o\000n\000s}{section.3}% 12
\BOOKMARK [2][-]{subsection.3.6}{\376\377\000B\000a\000y\000e\000s\000-\000N\000a\000s\000h\000\040\000E\000q\000u\000i\000l\000i\000b\000r\000i\000u\000m}{section.3}% 13
\BOOKMARK [2][-]{subsection.3.7}{\376\377\000V\000a\000l\000u\000e\000\040\000o\000f\000\040\000P\000r\000i\000v\000a\000t\000e\000\040\000D\000e\000f\000e\000n\000s\000e}{section.3}% 14
\BOOKMARK [1][-]{section.4}{\376\377\000T\000h\000e\000o\000r\000e\000t\000i\000c\000a\000l\000\040\000A\000n\000a\000l\000y\000s\000i\000s}{}% 15
\BOOKMARK [2][-]{subsection.4.1}{\376\377\000S\000a\000m\000p\000l\000e\000\040\000C\000o\000m\000p\000l\000e\000x\000i\000t\000y\000:\000\040\000B\000o\000o\000t\000s\000t\000r\000a\000p\000\040\000S\000t\000a\000b\000i\000l\000i\000t\000y\000\040\000E\000s\000t\000i\000m\000a\000t\000e}{section.4}% 16
\BOOKMARK [2][-]{subsection.4.2}{\376\377\000P\000e\000r\000s\000i\000s\000t\000e\000n\000c\000e\000-\000A\000w\000a\000r\000e\000\040\000T\000h\000e\000o\000r\000y}{section.4}% 17
\BOOKMARK [1][-]{section.5}{\376\377\000E\000x\000p\000e\000r\000i\000m\000e\000n\000t\000s}{}% 18
\BOOKMARK [2][-]{subsection.5.1}{\376\377\000S\000e\000t\000u\000p}{section.5}% 19
\BOOKMARK [2][-]{subsection.5.2}{\376\377\000P\000a\000y\000o\000f\000f\000\040\000M\000a\000t\000r\000i\000x\000\040\000C\000o\000n\000s\000t\000r\000u\000c\000t\000i\000o\000n}{section.5}% 20
\BOOKMARK [2][-]{subsection.5.3}{\376\377\000D\000i\000s\000c\000u\000s\000s\000i\000o\000n}{section.5}% 21
\BOOKMARK [2][-]{subsection.5.4}{\376\377\000S\000c\000a\000l\000e\000-\000D\000e\000p\000e\000n\000d\000e\000n\000t\000\040\000P\000h\000a\000s\000e\000\040\000B\000o\000u\000n\000d\000a\000r\000y}{section.5}% 22
\BOOKMARK [2][-]{subsection.5.5}{\376\377\000D\000y\000n\000a\000m\000i\000c\000\040\000v\000e\000r\000i\000f\000i\000c\000a\000t\000i\000o\000n\000\040\000o\000f\000\040\000t\000h\000e\000\040\000r\000e\000p\000u\000t\000a\000t\000i\000o\000n\000\040\000e\000q\000u\000i\000l\000i\000b\000r\000i\000u\000m}{section.5}% 23
\BOOKMARK [2][-]{subsection.5.6}{\376\377\000M\000i\000x\000-\000r\000a\000t\000i\000o\000\040\000s\000w\000e\000e\000p\000\040\000o\000n\000\040\000N\000o\000r\000m\000C\000l\000i\000p\000+\000r\000e\000p\000u\000t\000a\000t\000i\000o\000n\000:\000\040\000c\000o\000l\000l\000a\000p\000s\000e\000\040\000b\000a\000n\000d}{section.5}% 24
\BOOKMARK [2][-]{subsection.5.7}{\376\377\000C\000o\000s\000t\000-\000w\000e\000i\000g\000h\000t\000\040\000s\000w\000e\000e\000p\000:\000\040\000s\000u\000r\000v\000i\000v\000o\000r\000\040\000r\000e\000g\000i\000o\000n\000\040\000i\000s\000\040\000n\000o\000t\000\040\000N\000E\000-\000r\000e\000a\000c\000h\000a\000b\000l\000e\000\040\000o\000n\000\040\000t\000h\000e\000\040\000N\000C\000+\000r\000e\000p\000\040\000m\000e\000n\000u}{section.5}% 25
\BOOKMARK [2][-]{subsection.5.8}{\376\377\000S\000u\000r\000v\000i\000v\000i\000n\000g\000\040\000r\000e\000g\000i\000m\000e\000:\000\040\000r\000e\000p\000u\000t\000a\000t\000i\000o\000n\000\040\000+\000\040\000t\000r\000i\000m\000m\000e\000d\000\137\000m\000e\000a\000n}{section.5}% 26
\BOOKMARK [2][-]{subsection.5.9}{\376\377\000N\000E\000-\000r\000e\000a\000c\000h\000a\000b\000l\000e\000\040\000s\000u\000r\000v\000i\000v\000o\000r\000\040\000r\000e\000g\000i\000m\000e\000\040\000o\000n\000\040\000t\000h\000e\000\040\000r\000e\000s\000t\000r\000i\000c\000t\000e\000d\000\040\000m\000e\000n\000u}{section.5}% 27
\BOOKMARK [2][-]{subsection.5.10}{\376\377\000S\000u\000r\000v\000i\000v\000o\000r\000\040\000r\000e\000g\000i\000m\000e\000\040\000r\000o\000b\000u\000s\000t\000\040\000a\000g\000a\000i\000n\000s\000t\000\040\000a\000\040\000s\000t\000r\000u\000c\000t\000u\000r\000a\000l\000l\000y\000\040\000d\000i\000s\000t\000i\000n\000c\000t\000\040\000t\000h\000i\000r\000d\000\040\000p\000e\000r\000s\000i\000s\000t\000e\000n\000t\000\040\000a\000t\000t\000a\000c\000k}{section.5}% 28
\BOOKMARK [2][-]{subsection.5.11}{\376\377\000A\000r\000c\000h\000i\000t\000e\000c\000t\000u\000r\000e\000\040\000r\000e\000p\000l\000i\000c\000a\000t\000i\000o\000n\000\040\000o\000n\000\040\000R\000e\000s\000N\000e\000t\0001\0008\000:\000\040\000c\000o\000l\000l\000a\000p\000s\000e\000\040\000b\000o\000u\000n\000d\000a\000r\000y\000\040\000i\000s\000\040\000a\000r\000c\000h\000i\000t\000e\000c\000t\000u\000r\000e\000-\000c\000o\000n\000d\000i\000t\000i\000o\000n\000a\000l}{section.5}% 29
\BOOKMARK [2][-]{subsection.5.12}{\376\377\000O\000r\000t\000h\000o\000g\000o\000n\000a\000l\000-\000s\000i\000g\000n\000a\000l\000\040\000d\000e\000f\000e\000n\000s\000e\000\040\000s\000u\000i\000t\000e\000\040\000\050\000s\000t\000a\000t\000i\000c\000\040\000r\000e\000s\000u\000l\000t\000\051}{section.5}% 30
\BOOKMARK [2][-]{subsection.5.13}{\376\377\000P\000i\000l\000o\000t\000s\000\040\000P\000r\000o\000b\000i\000n\000g\000\040\000t\000h\000e\000\040\000P\000o\000s\000i\000t\000i\000v\000e\000\040\000S\000i\000d\000e\000\040\000o\000f\000\040\000t\000h\000e\000\040\000B\000o\000u\000n\000d\000a\000r\000y\000\040\000\050\000S\000u\000m\000m\000a\000r\000y\000\051}{section.5}% 31
\BOOKMARK [1][-]{section.6}{\376\377\000R\000e\000l\000a\000t\000e\000d\000\040\000W\000o\000r\000k}{}% 32
\BOOKMARK [1][-]{section.7}{\376\377\000A\000c\000k\000n\000o\000w\000l\000e\000d\000g\000e\000d\000\040\000L\000i\000m\000i\000t\000a\000t\000i\000o\000n\000s}{}% 33
\BOOKMARK [1][-]{section.8}{\376\377\000C\000o\000n\000c\000l\000u\000s\000i\000o\000n}{}% 34
\BOOKMARK [1][-]{appendix.A}{\376\377\000F\000u\000l\000l\000\040\000E\000m\000p\000i\000r\000i\000c\000a\000l\000\040\000P\000a\000y\000o\000f\000f\000\040\000M\000a\000t\000r\000i\000c\000e\000s}{}% 35
\BOOKMARK [1][-]{appendix.B}{\376\377\000M\000e\000c\000h\000a\000n\000i\000s\000m\000\040\000A\000n\000a\000l\000y\000s\000i\000s\000:\000\040\000M\000o\000d\000e\000l\000-\000S\000c\000a\000l\000i\000n\000g\000\040\000B\000o\000u\000n\000d\000a\000r\000y\000\040\000B\000e\000h\000a\000v\000i\000o\000r}{}% 36
\BOOKMARK [1][-]{appendix.C}{\376\377\000M\000i\000x\000e\000d\000-\000C\000o\000m\000m\000i\000t\000m\000e\000n\000t\000\040\000S\000t\000a\000c\000k\000e\000l\000b\000e\000r\000g\000\040\000A\000n\000a\000l\000y\000s\000i\000s}{}% 37
\BOOKMARK [1][-]{appendix.D}{\376\377\000U\000t\000i\000l\000i\000t\000y\000-\000D\000e\000s\000i\000g\000n\000\040\000S\000e\000n\000s\000i\000t\000i\000v\000i\000t\000y\000\040\000a\000n\000d\000\040\000P\000a\000y\000o\000f\000f\000\040\000E\000s\000t\000i\000m\000a\000t\000i\000o\000n\000\040\000C\000o\000s\000t}{}% 38
\BOOKMARK [1][-]{appendix.E}{\376\377\000F\000i\000c\000t\000i\000t\000i\000o\000u\000s\000\040\000P\000l\000a\000y\000\040\000C\000o\000n\000v\000e\000r\000g\000e\000n\000c\000e}{}% 39
\BOOKMARK [1][-]{appendix.F}{\376\377\000P\000e\000r\000-\000R\000o\000u\000n\000d\000\040\000R\000a\000n\000d\000o\000m\000i\000z\000a\000t\000i\000o\000n\000\040\000V\000a\000l\000i\000d\000a\000t\000i\000o\000n\000\040\000a\000n\000d\000\040\000L\000a\000m\000b\000d\000a\000\040\000S\000e\000n\000s\000i\000t\000i\000v\000i\000t\000y}{}% 40
\BOOKMARK [1][-]{appendix.G}{\376\377\000\040\000S\000w\000e\000e\000p\000:\000\040\000N\000o\000r\000m\000C\000l\000i\000p\000\040\000T\000h\000r\000e\000s\000h\000o\000l\000d\000\040\000S\000e\000n\000s\000i\000t\000i\000v\000i\000t\000y}{}% 41
\BOOKMARK [1][-]{appendix.H}{\376\377\000=\0002\000\040\000D\000i\000s\000e\000n\000t\000a\000n\000g\000l\000e\000m\000e\000n\000t\000\040\000E\000x\000p\000e\000r\000i\000m\000e\000n\000t}{}% 42
\BOOKMARK [1][-]{appendix.I}{\376\377\000S\000c\000a\000l\000e\000\040\000V\000a\000l\000i\000d\000a\000t\000i\000o\000n\000\040\000\050\000N\000=\0001\0000\0000\000\051\000\040\000a\000n\000d\000\040\000D\000e\000f\000e\000n\000s\000e\000-\000I\000n\000f\000e\000r\000e\000n\000c\000e\000\040\000C\000h\000e\000c\000k}{}% 43
\BOOKMARK [1][-]{appendix.J}{\376\377\000N\000o\000n\000-\000F\000L\000\040\000V\000a\000l\000i\000d\000a\000t\000i\000o\000n\000:\000\040\000A\000d\000v\000e\000r\000s\000a\000r\000i\000a\000l\000\040\000S\000p\000a\000m\000\040\000E\000v\000a\000s\000i\000o\000n}{}% 44
\BOOKMARK [1][-]{appendix.K}{\376\377\000P\000r\000o\000o\000f\000s\000\040\000o\000f\000\040\000P\000r\000o\000p\000o\000s\000i\000t\000i\000o\000n\000\040\0003\000\040\000a\000n\000d\000\040\000P\000r\000o\000p\000o\000s\000i\000t\000i\000o\000n\000\040\0004\000.\0002}{}% 45
\BOOKMARK [2][-]{subsection.K.1}{\376\377\000A\000d\000m\000i\000s\000s\000i\000b\000i\000l\000i\000t\000y\000-\000C\000o\000n\000d\000i\000t\000i\000o\000n\000a\000l\000\040\000M\000a\000r\000k\000o\000v\000\040\000R\000e\000f\000i\000n\000e\000m\000e\000n\000t}{appendix.K}% 46
\BOOKMARK [1][-]{appendix.L}{\376\377\000S\000a\000m\000p\000l\000e\000\040\000C\000o\000m\000p\000l\000e\000x\000i\000t\000y\000:\000\040\000H\000o\000e\000f\000f\000d\000i\000n\000g\000/\000B\000e\000r\000n\000s\000t\000e\000i\000n\000\040\000W\000o\000r\000s\000t\000-\000C\000a\000s\000e\000\040\000B\000o\000u\000n\000d}{}% 47
\BOOKMARK [1][-]{appendix.M}{\376\377\000S\000t\000a\000t\000e\000l\000e\000s\000s\000\040\000a\000n\000d\000\040\000O\000r\000t\000h\000o\000g\000o\000n\000a\000l\000-\000S\000i\000g\000n\000a\000l\000\040\000P\000i\000l\000o\000t\000s\000:\000\040\000P\000e\000r\000-\000S\000e\000e\000d\000\040\000D\000e\000t\000a\000i\000l\000s}{}% 48
\BOOKMARK [1][-]{appendix.N}{\376\377\000O\000r\000t\000h\000o\000g\000o\000n\000a\000l\000-\000s\000i\000g\000n\000a\000l\000\040\000d\000e\000f\000e\000n\000s\000e\000\040\000s\000u\000i\000t\000e\000:\000\040\000p\000e\000r\000-\000s\000e\000e\000d\000\040\000e\000q\000u\000i\000l\000i\000b\000r\000i\000a}{}% 49
\BOOKMARK [1][-]{appendix.O}{\376\377\000D\000y\000n\000a\000m\000i\000c\000\040\000B\000R\000\040\000o\000n\000\040\000R\000e\000p\000u\000t\000a\000t\000i\000o\000n\000\040\000E\000q\000u\000i\000l\000i\000b\000r\000i\000u\000m\000:\000\040\000P\000e\000r\000-\000S\000e\000e\000d\000\040\000D\000e\000t\000a\000i\000l\000s}{}% 50
\BOOKMARK [1][-]{appendix.P}{\376\377\000M\000i\000x\000-\000r\000a\000t\000i\000o\000\040\000s\000w\000e\000e\000p\000\040\000o\000n\000\040\000t\000h\000e\000\040\000r\000e\000p\000u\000t\000a\000t\000i\000o\000n\000\040\000m\000e\000n\000u\000:\000\040\000p\000e\000r\000-\000s\000e\000e\000d\000\040\000d\000e\000t\000a\000i\000l\000s}{}% 51
\BOOKMARK [1][-]{appendix.Q}{\376\377\000R\000e\000p\000u\000t\000a\000t\000i\000o\000n\000+\000t\000r\000i\000m\000m\000e\000d\000\137\000m\000e\000a\000n\000\040\000s\000u\000r\000v\000i\000v\000o\000r\000\040\000r\000e\000g\000i\000m\000e\000:\000\040\000p\000e\000r\000-\000s\000e\000e\000d\000\040\000d\000e\000t\000a\000i\000l\000s}{}% 52
\BOOKMARK [1][-]{appendix.R}{\376\377\000E\000d\000g\000e\000\137\000c\000a\000s\000e\000\040\0003\000-\000a\000t\000t\000a\000c\000k\000\040\000s\000u\000r\000v\000i\000v\000o\000r\000\040\000p\000i\000l\000o\000t\000:\000\040\000p\000e\000r\000-\000s\000e\000e\000d\000\040\000d\000e\000t\000a\000i\000l\000s}{}% 53
\BOOKMARK [1][-]{appendix.S}{\376\377\000R\000e\000s\000N\000e\000t\0001\0008\000\040\000a\000r\000c\000h\000i\000t\000e\000c\000t\000u\000r\000e\000-\000r\000e\000p\000l\000i\000c\000a\000t\000i\000o\000n\000\040\000m\000i\000n\000i\000-\000s\000w\000e\000e\000p\000:\000\040\000p\000e\000r\000-\000s\000e\000e\000d\000\040\000d\000e\000t\000a\000i\000l\000s}{}% 54
\BOOKMARK [1][-]{appendix.T}{\376\377\000D\000B\000A\000\040\000a\000t\000\040\000f\000=\0000\000.\0004\000:\000\040\000p\000e\000r\000-\000s\000e\000e\000d\000\040\000d\000e\000t\000a\000i\000l\000s}{}% 55
\BOOKMARK [1][-]{appendix.U}{\376\377\000D\000B\000A\000\040\000a\000t\000\040\000f\000=\0000\000.\0006\000:\000\040\000p\000e\000r\000-\000s\000e\000e\000d\000\040\000d\000e\000t\000a\000i\000l\000s\000\040\000a\000n\000d\000\040\000b\000i\000m\000o\000d\000a\000l\000i\000t\000y\000\040\000r\000e\000p\000r\000o\000d\000u\000c\000t\000i\000o\000n}{}% 56
